<?xml version="1.0" encoding="UTF-8"?>
<!-- Generated by org.testng.reporters.JUnitXMLReporter -->
<testsuite hostname="L-SFM323B2SW" name="Command line test" tests="2" failures="1" timestamp="19 Jun 2016 20:27:47 GMT" time="0.021" errors="0">
  <testcase name="appTest" time="0.007" classname="com.demo.main.LaunchExplorerTest"/>
  <testcase name="appTest2" time="0.0" classname="com.demo.main.LaunchExplorerTest">
    <failure type="java.lang.RuntimeException" message="Test not implemented">
      <![CDATA[java.lang.RuntimeException: Test not implemented
	at com.demo.main.LaunchExplorerTest.appTest2(LaunchExplorerTest.java:14)
... Removed 33 stack frames]]>
    </failure>
  </testcase> <!-- appTest2 -->
</testsuite> <!-- Command line test -->
